2016-06-22 06:02:03 [127.0.0.1][2][p1uf1rikougc79otoehhs2ir27][error][yii\base\InvalidParamException] yii\base\InvalidParamException: The view file does not exist: /usr/local/www/advanced/backend/views/goods/_form.php in /usr/local/www/advanced/vendor/yiisoft/yii2/base/View.php:226
Stack trace:
#0 /usr/local/www/advanced/vendor/yiisoft/yii2/base/View.php(149): yii\base\View->renderFile('/usr/local/www/...', Array, NULL)
#1 /usr/local/www/advanced/backend/views/goods/create.php(18): yii\base\View->render('_form', Array)
#2 /usr/local/www/advanced/vendor/yiisoft/yii2/base/View.php(325): require('/usr/local/www/...')
#3 /usr/local/www/advanced/vendor/yiisoft/yii2/base/View.php(247): yii\base\View->renderPhpFile('/usr/local/www/...', Array)
#4 /usr/local/www/advanced/vendor/yiisoft/yii2/base/View.php(149): yii\base\View->renderFile('/usr/local/www/...', Array, Object(backend\controllers\GoodsController))
#5 /usr/local/www/advanced/vendor/yiisoft/yii2/base/Controller.php(371): yii\base\View->render('create', Array, Object(backend\controllers\GoodsController))
#6 /usr/local/www/advanced/backend/controllers/GoodsController.php(73): yii\base\Controller->render('create', Array)
#7 [internal function]: backend\controllers\GoodsController->actionCreate()
#8 /usr/local/www/advanced/vendor/yiisoft/yii2/base/InlineAction.php(55): call_user_func_array(Array, Array)
#9 /usr/local/www/advanced/vendor/yiisoft/yii2/base/Controller.php(151): yii\base\InlineAction->runWithParams(Array)
#10 /usr/local/www/advanced/vendor/yiisoft/yii2/base/Module.php(455): yii\base\Controller->runAction('create', Array)
#11 /usr/local/www/advanced/vendor/yiisoft/yii2/web/Application.php(84): yii\base\Module->runAction('goods/create', Array)
#12 /usr/local/www/advanced/vendor/yiisoft/yii2/base/Application.php(375): yii\web\Application->handleRequest(Object(yii\web\Request))
#13 /usr/local/www/advanced/backend/web/index.php(18): yii\base\Application->run()
#14 {main}
2016-06-22 06:02:03 [127.0.0.1][2][p1uf1rikougc79otoehhs2ir27][info][application] $_GET = [
    'r' => 'goods/create'
]

$_COOKIE = [
    'PHPSESSID' => 'p1uf1rikougc79otoehhs2ir27'
    '_csrf' => '21bd59abbecfd3a4f18c9056cf019022703563952e428c95598287d57bb3d8c2a:2:{i:0;s:5:\"_csrf\";i:1;s:32:\"-UMtjA3jx-sPwF66bkyVkpH3QLGtH9bt\";}'
    '_identity' => '79d3d70bbfa076aba15c82cf39cbb48f96ba2489f356c2290048417926a43a16a:2:{i:0;s:9:\"_identity\";i:1;s:46:\"[2,\"wloWA5Ky_dh5Bg68uwpkHyoGwBlE-K4n\",2592000]\";}'
]

$_SESSION = [
    '__flash' => []
    '__returnUrl' => '/backend/web/index.php'
    '__id' => 2
]

$_SERVER = [
    'USER' => 'chl'
    'HOME' => '/home/chl'
    'HTTP_COOKIE' => 'PHPSESSID=p1uf1rikougc79otoehhs2ir27; _csrf=21bd59abbecfd3a4f18c9056cf019022703563952e428c95598287d57bb3d8c2a%3A2%3A%7Bi%3A0%3Bs%3A5%3A%22_csrf%22%3Bi%3A1%3Bs%3A32%3A%22-UMtjA3jx-sPwF66bkyVkpH3QLGtH9bt%22%3B%7D; _identity=79d3d70bbfa076aba15c82cf39cbb48f96ba2489f356c2290048417926a43a16a%3A2%3A%7Bi%3A0%3Bs%3A9%3A%22_identity%22%3Bi%3A1%3Bs%3A46%3A%22%5B2%2C%22wloWA5Ky_dh5Bg68uwpkHyoGwBlE-K4n%22%2C2592000%5D%22%3B%7D'
    'HTTP_ACCEPT_LANGUAGE' => 'zh-CN,zh;q=0.8'
    'HTTP_ACCEPT_ENCODING' => 'gzip, deflate, sdch'
    'HTTP_REFERER' => 'http://yii2.advanced/backend/web/index.php?r=goods%2Findex'
    'HTTP_USER_AGENT' => 'Mozilla/5.0 (X11; Linux x86_64) AppleWebKit/537.36 (KHTML, like Gecko) Ubuntu Chromium/50.0.2661.102 Chrome/50.0.2661.102 Safari/537.36'
    'HTTP_UPGRADE_INSECURE_REQUESTS' => '1'
    'HTTP_ACCEPT' => 'text/html,application/xhtml+xml,application/xml;q=0.9,image/webp,*/*;q=0.8'
    'HTTP_CONNECTION' => 'keep-alive'
    'HTTP_HOST' => 'yii2.advanced'
    'REDIRECT_STATUS' => '200'
    'SERVER_NAME' => 'yii2.advanced'
    'SERVER_PORT' => '80'
    'SERVER_ADDR' => '127.0.0.1'
    'REMOTE_PORT' => '58894'
    'REMOTE_ADDR' => '127.0.0.1'
    'SERVER_SOFTWARE' => 'nginx/1.10.0'
    'GATEWAY_INTERFACE' => 'CGI/1.1'
    'REQUEST_SCHEME' => 'http'
    'SERVER_PROTOCOL' => 'HTTP/1.1'
    'DOCUMENT_ROOT' => '/usr/local/www/advanced'
    'DOCUMENT_URI' => '/backend/web/index.php'
    'REQUEST_URI' => '/backend/web/index.php?r=goods%2Fcreate'
    'SCRIPT_NAME' => '/backend/web/index.php'
    'CONTENT_LENGTH' => ''
    'CONTENT_TYPE' => ''
    'REQUEST_METHOD' => 'GET'
    'QUERY_STRING' => 'r=goods%2Fcreate'
    'SCRIPT_FILENAME' => '/usr/local/www/advanced/backend/web/index.php'
    'FCGI_ROLE' => 'RESPONDER'
    'PHP_SELF' => '/backend/web/index.php'
    'REQUEST_TIME_FLOAT' => 1466575323.6176
    'REQUEST_TIME' => 1466575323
]
2016-06-22 06:36:46 [127.0.0.1][2][p1uf1rikougc79otoehhs2ir27][error][yii\base\UnknownPropertyException] yii\base\UnknownPropertyException: Setting unknown property: kartik\file\FileInput::option in /usr/local/www/advanced/vendor/yiisoft/yii2/base/Component.php:197
Stack trace:
#0 /usr/local/www/advanced/vendor/yiisoft/yii2/BaseYii.php(518): yii\base\Component->__set('option', Array)
#1 /usr/local/www/advanced/vendor/yiisoft/yii2/base/Object.php(105): yii\BaseYii::configure(Object(kartik\file\FileInput), Array)
#2 [internal function]: yii\base\Object->__construct(Array)
#3 /usr/local/www/advanced/vendor/yiisoft/yii2/di/Container.php(372): ReflectionClass->newInstanceArgs(Array)
#4 /usr/local/www/advanced/vendor/yiisoft/yii2/di/Container.php(151): yii\di\Container->build('kartik\\file\\Fil...', Array, Array)
#5 /usr/local/www/advanced/vendor/yiisoft/yii2/BaseYii.php(344): yii\di\Container->get('kartik\\file\\Fil...', Array, Array)
#6 /usr/local/www/advanced/vendor/yiisoft/yii2/base/Widget.php(97): yii\BaseYii::createObject(Array)
#7 /usr/local/www/advanced/vendor/yiisoft/yii2/widgets/ActiveField.php(665): yii\base\Widget::widget(Array)
#8 /usr/local/www/advanced/backend/views/goods/_form.php(27): yii\widgets\ActiveField->widget('kartik\\file\\Fil...', Array)
#9 /usr/local/www/advanced/vendor/yiisoft/yii2/base/View.php(325): require('/usr/local/www/...')
#10 /usr/local/www/advanced/vendor/yiisoft/yii2/base/View.php(247): yii\base\View->renderPhpFile('/usr/local/www/...', Array)
#11 /usr/local/www/advanced/vendor/yiisoft/yii2/base/View.php(149): yii\base\View->renderFile('/usr/local/www/...', Array, NULL)
#12 /usr/local/www/advanced/backend/views/goods/create.php(18): yii\base\View->render('_form', Array)
#13 /usr/local/www/advanced/vendor/yiisoft/yii2/base/View.php(325): require('/usr/local/www/...')
#14 /usr/local/www/advanced/vendor/yiisoft/yii2/base/View.php(247): yii\base\View->renderPhpFile('/usr/local/www/...', Array)
#15 /usr/local/www/advanced/vendor/yiisoft/yii2/base/View.php(149): yii\base\View->renderFile('/usr/local/www/...', Array, Object(backend\controllers\GoodsController))
#16 /usr/local/www/advanced/vendor/yiisoft/yii2/base/Controller.php(371): yii\base\View->render('create', Array, Object(backend\controllers\GoodsController))
#17 /usr/local/www/advanced/backend/controllers/GoodsController.php(73): yii\base\Controller->render('create', Array)
#18 [internal function]: backend\controllers\GoodsController->actionCreate()
#19 /usr/local/www/advanced/vendor/yiisoft/yii2/base/InlineAction.php(55): call_user_func_array(Array, Array)
#20 /usr/local/www/advanced/vendor/yiisoft/yii2/base/Controller.php(151): yii\base\InlineAction->runWithParams(Array)
#21 /usr/local/www/advanced/vendor/yiisoft/yii2/base/Module.php(455): yii\base\Controller->runAction('create', Array)
#22 /usr/local/www/advanced/vendor/yiisoft/yii2/web/Application.php(84): yii\base\Module->runAction('goods/create', Array)
#23 /usr/local/www/advanced/vendor/yiisoft/yii2/base/Application.php(375): yii\web\Application->handleRequest(Object(yii\web\Request))
#24 /usr/local/www/advanced/backend/web/index.php(18): yii\base\Application->run()
#25 {main}
2016-06-22 06:36:46 [127.0.0.1][2][p1uf1rikougc79otoehhs2ir27][info][application] $_GET = [
    'r' => 'goods/create'
]

$_COOKIE = [
    'PHPSESSID' => 'p1uf1rikougc79otoehhs2ir27'
    '_csrf' => '21bd59abbecfd3a4f18c9056cf019022703563952e428c95598287d57bb3d8c2a:2:{i:0;s:5:\"_csrf\";i:1;s:32:\"-UMtjA3jx-sPwF66bkyVkpH3QLGtH9bt\";}'
    '_identity' => '79d3d70bbfa076aba15c82cf39cbb48f96ba2489f356c2290048417926a43a16a:2:{i:0;s:9:\"_identity\";i:1;s:46:\"[2,\"wloWA5Ky_dh5Bg68uwpkHyoGwBlE-K4n\",2592000]\";}'
]

$_SESSION = [
    '__flash' => []
    '__returnUrl' => '/backend/web/index.php'
    '__id' => 2
]

$_SERVER = [
    'USER' => 'chl'
    'HOME' => '/home/chl'
    'HTTP_COOKIE' => 'PHPSESSID=p1uf1rikougc79otoehhs2ir27; _csrf=21bd59abbecfd3a4f18c9056cf019022703563952e428c95598287d57bb3d8c2a%3A2%3A%7Bi%3A0%3Bs%3A5%3A%22_csrf%22%3Bi%3A1%3Bs%3A32%3A%22-UMtjA3jx-sPwF66bkyVkpH3QLGtH9bt%22%3B%7D; _identity=79d3d70bbfa076aba15c82cf39cbb48f96ba2489f356c2290048417926a43a16a%3A2%3A%7Bi%3A0%3Bs%3A9%3A%22_identity%22%3Bi%3A1%3Bs%3A46%3A%22%5B2%2C%22wloWA5Ky_dh5Bg68uwpkHyoGwBlE-K4n%22%2C2592000%5D%22%3B%7D'
    'HTTP_ACCEPT_LANGUAGE' => 'zh-CN,zh;q=0.8'
    'HTTP_ACCEPT_ENCODING' => 'gzip, deflate, sdch'
    'HTTP_REFERER' => 'http://yii2.advanced/backend/web/index.php?r=goods%2Findex'
    'HTTP_USER_AGENT' => 'Mozilla/5.0 (X11; Linux x86_64) AppleWebKit/537.36 (KHTML, like Gecko) Ubuntu Chromium/50.0.2661.102 Chrome/50.0.2661.102 Safari/537.36'
    'HTTP_UPGRADE_INSECURE_REQUESTS' => '1'
    'HTTP_ACCEPT' => 'text/html,application/xhtml+xml,application/xml;q=0.9,image/webp,*/*;q=0.8'
    'HTTP_CACHE_CONTROL' => 'max-age=0'
    'HTTP_CONNECTION' => 'keep-alive'
    'HTTP_HOST' => 'yii2.advanced'
    'REDIRECT_STATUS' => '200'
    'SERVER_NAME' => 'yii2.advanced'
    'SERVER_PORT' => '80'
    'SERVER_ADDR' => '127.0.0.1'
    'REMOTE_PORT' => '59486'
    'REMOTE_ADDR' => '127.0.0.1'
    'SERVER_SOFTWARE' => 'nginx/1.10.0'
    'GATEWAY_INTERFACE' => 'CGI/1.1'
    'REQUEST_SCHEME' => 'http'
    'SERVER_PROTOCOL' => 'HTTP/1.1'
    'DOCUMENT_ROOT' => '/usr/local/www/advanced'
    'DOCUMENT_URI' => '/backend/web/index.php'
    'REQUEST_URI' => '/backend/web/index.php?r=goods%2Fcreate'
    'SCRIPT_NAME' => '/backend/web/index.php'
    'CONTENT_LENGTH' => ''
    'CONTENT_TYPE' => ''
    'REQUEST_METHOD' => 'GET'
    'QUERY_STRING' => 'r=goods%2Fcreate'
    'SCRIPT_FILENAME' => '/usr/local/www/advanced/backend/web/index.php'
    'FCGI_ROLE' => 'RESPONDER'
    'PHP_SELF' => '/backend/web/index.php'
    'REQUEST_TIME_FLOAT' => 1466577406.6373
    'REQUEST_TIME' => 1466577406
]
